\BOOKMARK [1][-]{section.1}{\376\377\000I\000n\000t\000r\000o\000d\000u\000c\000t\000i\000o\000n\000\040\000\046\000\040\000S\000t\000r\000a\000t\000e\000g\000i\000c\000\040\000F\000o\000c\000u\000s}{}% 1
\BOOKMARK [2][-]{subsection.1.1}{\376\377\000E\000v\000o\000l\000u\000t\000i\000o\000n\000\040\000o\000f\000\040\000c\000r\000o\000s\000s\000c\000h\000a\000i\000n\000\040\000I\000n\000t\000e\000r\000o\000p\000e\000r\000a\000b\000i\000l\000i\000t\000y}{section.1}% 2
\BOOKMARK [2][-]{subsection.1.2}{\376\377\000C\000o\000r\000e\000\040\000D\000i\000f\000f\000e\000r\000e\000n\000t\000i\000a\000t\000i\000o\000n}{section.1}% 3
\BOOKMARK [2][-]{subsection.1.3}{\376\377\000T\000e\000c\000h\000n\000i\000c\000a\000l\000\040\000A\000d\000v\000a\000n\000c\000e\000m\000e\000n\000t\000s}{section.1}% 4
\BOOKMARK [2][-]{subsection.1.4}{\376\377\000T\000a\000r\000g\000e\000t\000\040\000M\000a\000r\000k\000e\000t\000\040\000E\000x\000p\000a\000n\000s\000i\000o\000n}{section.1}% 5
\BOOKMARK [1][-]{section.2}{\376\377\000T\000e\000c\000h\000n\000i\000c\000a\000l\000\040\000A\000r\000c\000h\000i\000t\000e\000c\000t\000u\000r\000e}{}% 6
\BOOKMARK [2][-]{subsection.2.1}{\376\377\000S\000y\000s\000t\000e\000m\000\040\000A\000r\000c\000h\000i\000t\000e\000c\000t\000u\000r\000e\000\040\000D\000i\000a\000g\000r\000a\000m}{section.2}% 7
\BOOKMARK [2][-]{subsection.2.2}{\376\377\000C\000o\000r\000e\000\040\000C\000o\000m\000p\000o\000n\000e\000n\000t\000s}{section.2}% 8
\BOOKMARK [3][-]{subsubsection.2.2.1}{\376\377\000L\000a\000y\000e\000r\000Z\000e\000r\000o\000\040\000V\0002\000\040\000E\000n\000d\000p\000o\000i\000n\000t}{subsection.2.2}% 9
\BOOKMARK [3][-]{subsubsection.2.2.2}{\376\377\000E\000x\000e\000c\000u\000t\000o\000r\000s}{subsection.2.2}% 10
\BOOKMARK [3][-]{subsubsection.2.2.3}{\376\377\000H\000o\000l\000o\000g\000r\000a\000p\000h\000B\000r\000i\000d\000g\000e}{subsection.2.2}% 11
\BOOKMARK [3][-]{subsubsection.2.2.4}{\376\377\000F\000e\000e\000R\000o\000u\000t\000e\000r}{subsection.2.2}% 12
\BOOKMARK [3][-]{subsubsection.2.2.5}{\376\377\000H\000o\000l\000o\000g\000r\000a\000p\000h\000T\000r\000e\000a\000s\000u\000r\000y}{subsection.2.2}% 13
\BOOKMARK [3][-]{subsubsection.2.2.6}{\376\377\000D\000o\000p\000p\000l\000e\000r\000\040\000A\000u\000c\000t\000i\000o\000n\000\040\000M\000o\000d\000u\000l\000e}{subsection.2.2}% 14
\BOOKMARK [3][-]{subsubsection.2.2.7}{\376\377\000O\000F\000T\000/\000O\000N\000F\000T\000\040\000C\000o\000n\000t\000r\000a\000c\000t\000s}{subsection.2.2}% 15
\BOOKMARK [3][-]{subsubsection.2.2.8}{\376\377\000S\000t\000a\000k\000i\000n\000g\000R\000e\000w\000a\000r\000d\000s}{subsection.2.2}% 16
\BOOKMARK [2][-]{subsection.2.3}{\376\377\000T\000o\000k\000e\000n\000\040\000S\000t\000a\000n\000d\000a\000r\000d\000\040\000\046\000\040\000C\000o\000n\000t\000r\000a\000c\000t\000\040\000A\000r\000c\000h\000i\000t\000e\000c\000t\000u\000r\000e}{section.2}% 17
\BOOKMARK [3][-]{subsubsection.2.3.1}{\376\377\000C\000R\000E\000A\000T\000E\0002\000\040\000D\000e\000t\000e\000r\000m\000i\000n\000i\000s\000t\000i\000c\000\040\000D\000e\000p\000l\000o\000y\000m\000e\000n\000t}{subsection.2.3}% 18
\BOOKMARK [3][-]{subsubsection.2.3.2}{\376\377\000K\000e\000y\000\040\000C\000o\000n\000t\000r\000a\000c\000t\000\040\000R\000e\000l\000a\000t\000i\000o\000n\000s\000h\000i\000p\000s}{subsection.2.3}% 19
\BOOKMARK [1][-]{section.3}{\376\377\000M\000e\000s\000s\000a\000g\000i\000n\000g\000\040\000\046\000\040\000S\000e\000c\000u\000r\000i\000t\000y\000\040\000M\000o\000d\000e\000l}{}% 20
\BOOKMARK [2][-]{subsection.3.1}{\376\377\000L\000a\000y\000e\000r\000Z\000e\000r\000o\000\040\000V\0002\000\040\000I\000m\000p\000l\000e\000m\000e\000n\000t\000a\000t\000i\000o\000n}{section.3}% 21
\BOOKMARK [2][-]{subsection.3.2}{\376\377\000S\000e\000c\000u\000r\000i\000t\000y\000\040\000F\000e\000a\000t\000u\000r\000e\000s}{section.3}% 22
\BOOKMARK [1][-]{section.4}{\376\377\000T\000o\000k\000e\000n\000\040\000L\000a\000u\000n\000c\000h\000\040\000\046\000\040\000L\000i\000q\000u\000i\000d\000i\000t\000y\000\040\000M\000e\000c\000h\000a\000n\000i\000c\000s}{}% 23
\BOOKMARK [2][-]{subsection.4.1}{\376\377\000D\000o\000p\000p\000l\000e\000r\000\040\000I\000n\000t\000e\000g\000r\000a\000t\000i\000o\000n}{section.4}% 24
\BOOKMARK [2][-]{subsection.4.2}{\376\377\000D\000y\000n\000a\000m\000i\000c\000\040\000B\000o\000n\000d\000i\000n\000g\000\040\000C\000u\000r\000v\000e}{section.4}% 25
\BOOKMARK [2][-]{subsection.4.3}{\376\377\000O\000m\000n\000i\000c\000h\000a\000i\000n\000\040\000M\000i\000n\000t\000i\000n\000g}{section.4}% 26
\BOOKMARK [2][-]{subsection.4.4}{\376\377\000F\000e\000e\000\040\000C\000o\000l\000l\000e\000c\000t\000i\000o\000n\000\040\000\046\000\040\000P\000r\000o\000c\000e\000s\000s\000i\000n\000g}{section.4}% 27
\BOOKMARK [1][-]{section.5}{\376\377\000T\000o\000k\000e\000n\000o\000m\000i\000c\000s}{}% 28
\BOOKMARK [2][-]{subsection.5.1}{\376\377\000H\000L\000G\000\040\000T\000o\000k\000e\000n\000\040\000O\000v\000e\000r\000v\000i\000e\000w}{section.5}% 29
\BOOKMARK [2][-]{subsection.5.2}{\376\377\000F\000e\000e\000\040\000S\000t\000r\000u\000c\000t\000u\000r\000e\000\040\000\046\000\040\000V\000a\000l\000u\000e\000\040\000F\000l\000o\000w}{section.5}% 30
\BOOKMARK [2][-]{subsection.5.3}{\376\377\000D\000e\000f\000l\000a\000t\000i\000o\000n\000a\000r\000y\000\040\000M\000e\000c\000h\000a\000n\000i\000c\000s}{section.5}% 31
\BOOKMARK [2][-]{subsection.5.4}{\376\377\000S\000t\000a\000k\000i\000n\000g\000\040\000M\000o\000d\000e\000l}{section.5}% 32
\BOOKMARK [2][-]{subsection.5.5}{\376\377\000L\000i\000q\000u\000i\000d\000i\000t\000y\000\040\000M\000a\000n\000a\000g\000e\000m\000e\000n\000t}{section.5}% 33
\BOOKMARK [1][-]{section.6}{\376\377\000I\000m\000p\000l\000e\000m\000e\000n\000t\000a\000t\000i\000o\000n\000\040\000R\000o\000a\000d\000m\000a\000p}{}% 34
\BOOKMARK [1][-]{section.7}{\376\377\000C\000o\000n\000c\000l\000u\000s\000i\000o\000n}{}% 35
\BOOKMARK [1][-]{appendix.A}{\376\377\000G\000l\000o\000s\000s\000a\000r\000y}{}% 36
